0 info it worked if it ends with ok
1 verbose cli [ 'C:\\Program Files\\nodejs\\node.exe',
1 verbose cli   'C:\\Program Files\\nodejs\\node_modules\\npm\\bin\\npm-cli.js',
1 verbose cli   'run',
1 verbose cli   'dev' ]
2 info using npm@3.10.10
3 info using node@v6.11.1
4 verbose run-script [ 'predev', 'dev', 'postdev' ]
5 info lifecycle database@1.0.0~predev: database@1.0.0
6 silly lifecycle database@1.0.0~predev: no script for predev, continuing
7 info lifecycle database@1.0.0~dev: database@1.0.0
8 verbose lifecycle database@1.0.0~dev: unsafe-perm in lifecycle true
9 verbose lifecycle database@1.0.0~dev: PATH: C:\Program Files\nodejs\node_modules\npm\bin\node-gyp-bin;C:\Users\Nathan\Desktop\CS290\final\database\node_modules\.bin;C:\ProgramData\Oracle\Java\javapath;C:\Program Files\ImageMagick-6.9.9-Q16;C:\Program Files\ImageMagick-7.0.6-Q16;C:\Program Files (x86)\Intel\iCLS Client\;C:\Program Files\Intel\iCLS Client\;C:\Windows\system32;C:\Windows;C:\Windows\System32\Wbem;C:\Windows\System32\WindowsPowerShell\v1.0\;C:\Program Files (x86)\Intel\Intel(R) Management Engine Components\DAL;C:\Program Files\Intel\Intel(R) Management Engine Components\DAL;C:\Program Files (x86)\Intel\Intel(R) Management Engine Components\IPT;C:\Program Files\Intel\Intel(R) Management Engine Components\IPT;C:\Program Files (x86)\NVIDIA Corporation\PhysX\Common;C:\WINDOWS\system32;C:\WINDOWS;C:\WINDOWS\System32\Wbem;C:\WINDOWS\System32\WindowsPowerShell\v1.0\;C:\Program Files\Microsoft SQL Server\130\Tools\Binn\;C:\Program Files\dotnet\;C:\Program Files\Git\cmd;C:\Program Files\nodejs\;C:\Program Files\PuTTY\;C:\Users\Nathan\AppData\Local\Programs\Python\Python36-32\Scripts\;C:\Users\Nathan\AppData\Local\Programs\Python\Python36-32\;C:\Users\Nathan\AppData\Local\Microsoft\WindowsApps;C:\Users\Nathan\AppData\Local\atom\bin;C:\Users\Nathan\AppData\Roaming\npm;C:\Program Files (x86)\Vim\vim80;C:\ffmpeg\ffmpeg-20170723-dd4b7ba-win64-static\bin;C:\Program Files\MongoDB\Server\3.4\bin;C:\Users\Nathan\Desktop\CS290\rethinkdb;
10 verbose lifecycle database@1.0.0~dev: CWD: C:\Users\Nathan\Desktop\CS290\final\database
11 silly lifecycle database@1.0.0~dev: Args: [ '/d /s /c', 'rethinkdb --d /data' ]
12 silly lifecycle database@1.0.0~dev: Returned: code: 1  signal: null
13 info lifecycle database@1.0.0~dev: Failed to exec dev script
14 verbose stack Error: database@1.0.0 dev: `rethinkdb --d /data`
14 verbose stack Exit status 1
14 verbose stack     at EventEmitter.<anonymous> (C:\Program Files\nodejs\node_modules\npm\lib\utils\lifecycle.js:255:16)
14 verbose stack     at emitTwo (events.js:106:13)
14 verbose stack     at EventEmitter.emit (events.js:191:7)
14 verbose stack     at ChildProcess.<anonymous> (C:\Program Files\nodejs\node_modules\npm\lib\utils\spawn.js:40:14)
14 verbose stack     at emitTwo (events.js:106:13)
14 verbose stack     at ChildProcess.emit (events.js:191:7)
14 verbose stack     at maybeClose (internal/child_process.js:891:16)
14 verbose stack     at Process.ChildProcess._handle.onexit (internal/child_process.js:226:5)
15 verbose pkgid database@1.0.0
16 verbose cwd C:\Users\Nathan\Desktop\CS290\final\database
17 error Windows_NT 10.0.15063
18 error argv "C:\\Program Files\\nodejs\\node.exe" "C:\\Program Files\\nodejs\\node_modules\\npm\\bin\\npm-cli.js" "run" "dev"
19 error node v6.11.1
20 error npm  v3.10.10
21 error code ELIFECYCLE
22 error database@1.0.0 dev: `rethinkdb --d /data`
22 error Exit status 1
23 error Failed at the database@1.0.0 dev script 'rethinkdb --d /data'.
23 error Make sure you have the latest version of node.js and npm installed.
23 error If you do, this is most likely a problem with the database package,
23 error not with npm itself.
23 error Tell the author that this fails on your system:
23 error     rethinkdb --d /data
23 error You can get information on how to open an issue for this project with:
23 error     npm bugs database
23 error Or if that isn't available, you can get their info via:
23 error     npm owner ls database
23 error There is likely additional logging output above.
24 verbose exit [ 1, true ]
